2024-04-27T08:47:44.179+03:00  INFO 13588 --- [football-restapi] [main] b.a.f.FootballRestapiApplication         : Starting FootballRestapiApplication using Java 17.0.10 with PID 13588 (D:\JavaNew\football-restapi\target\classes started by user in D:\JavaNew\football-restapi)
2024-04-27T08:47:44.189+03:00  INFO 13588 --- [football-restapi] [main] b.a.f.FootballRestapiApplication         : No active profile set, falling back to 1 default profile: "default"
2024-04-27T08:47:44.799+03:00  INFO 13588 --- [football-restapi] [main] .s.d.r.c.RepositoryConfigurationDelegate : Bootstrapping Spring Data JPA repositories in DEFAULT mode.
2024-04-27T08:47:44.864+03:00  INFO 13588 --- [football-restapi] [main] .s.d.r.c.RepositoryConfigurationDelegate : Finished Spring Data repository scanning in 56 ms. Found 4 JPA repository interfaces.
2024-04-27T08:47:45.397+03:00  INFO 13588 --- [football-restapi] [main] o.s.b.w.embedded.tomcat.TomcatWebServer  : Tomcat initialized with port 8080 (http)
2024-04-27T08:47:45.407+03:00  INFO 13588 --- [football-restapi] [main] o.apache.catalina.core.StandardService   : Starting service [Tomcat]
2024-04-27T08:47:45.407+03:00  INFO 13588 --- [football-restapi] [main] o.apache.catalina.core.StandardEngine    : Starting Servlet engine: [Apache Tomcat/10.1.20]
2024-04-27T08:47:45.470+03:00  INFO 13588 --- [football-restapi] [main] o.a.c.c.C.[Tomcat].[localhost].[/]       : Initializing Spring embedded WebApplicationContext
2024-04-27T08:47:45.470+03:00  INFO 13588 --- [football-restapi] [main] w.s.c.ServletWebServerApplicationContext : Root WebApplicationContext: initialization completed in 1239 ms
2024-04-27T08:47:45.595+03:00  INFO 13588 --- [football-restapi] [main] com.zaxxer.hikari.HikariDataSource       : HikariPool-1 - Starting...
2024-04-27T08:47:45.769+03:00  INFO 13588 --- [football-restapi] [main] com.zaxxer.hikari.pool.HikariPool        : HikariPool-1 - Added connection org.postgresql.jdbc.PgConnection@6314df3c
2024-04-27T08:47:45.770+03:00  INFO 13588 --- [football-restapi] [main] com.zaxxer.hikari.HikariDataSource       : HikariPool-1 - Start completed.
2024-04-27T08:47:45.807+03:00  INFO 13588 --- [football-restapi] [main] o.hibernate.jpa.internal.util.LogHelper  : HHH000204: Processing PersistenceUnitInfo [name: default]
2024-04-27T08:47:45.871+03:00  INFO 13588 --- [football-restapi] [main] org.hibernate.Version                    : HHH000412: Hibernate ORM core version 6.4.4.Final
2024-04-27T08:47:45.903+03:00  INFO 13588 --- [football-restapi] [main] o.h.c.internal.RegionFactoryInitiator    : HHH000026: Second-level cache disabled
2024-04-27T08:47:46.107+03:00  INFO 13588 --- [football-restapi] [main] o.s.o.j.p.SpringPersistenceUnitInfo      : No LoadTimeWeaver setup: ignoring JPA class transformer
2024-04-27T08:47:46.180+03:00  WARN 13588 --- [football-restapi] [main] org.hibernate.orm.deprecation            : HHH90000025: PostgreSQLDialect does not need to be specified explicitly using 'hibernate.dialect' (remove the property setting and it will be selected by default)
2024-04-27T08:47:46.942+03:00  INFO 13588 --- [football-restapi] [main] o.h.e.t.j.p.i.JtaPlatformInitiator       : HHH000489: No JTA platform available (set 'hibernate.transaction.jta.platform' to enable JTA platform integration)
2024-04-27T08:47:46.943+03:00  INFO 13588 --- [football-restapi] [main] j.LocalContainerEntityManagerFactoryBean : Initialized JPA EntityManagerFactory for persistence unit 'default'
2024-04-27T08:47:47.342+03:00  INFO 13588 --- [football-restapi] [main] o.s.d.j.r.query.QueryEnhancerFactory     : Hibernate is in classpath; If applicable, HQL parser will be used.
2024-04-27T08:47:48.206+03:00  INFO 13588 --- [football-restapi] [main] o.s.b.w.embedded.tomcat.TomcatWebServer  : Tomcat started on port 8080 (http) with context path ''
2024-04-27T08:47:48.213+03:00  INFO 13588 --- [football-restapi] [main] b.a.f.FootballRestapiApplication         : Started FootballRestapiApplication in 4.365 seconds (process running for 4.912)
2024-04-27T08:47:50.368+03:00  INFO 13588 --- [football-restapi] [http-nio-8080-exec-1] o.a.c.c.C.[Tomcat].[localhost].[/]       : Initializing Spring DispatcherServlet 'dispatcherServlet'
2024-04-27T08:47:50.368+03:00  INFO 13588 --- [football-restapi] [http-nio-8080-exec-1] o.s.web.servlet.DispatcherServlet        : Initializing Servlet 'dispatcherServlet'
2024-04-27T08:47:50.370+03:00  INFO 13588 --- [football-restapi] [http-nio-8080-exec-1] o.s.web.servlet.DispatcherServlet        : Completed initialization in 2 ms
2024-04-27T08:47:57.711+03:00  INFO 13588 --- [football-restapi] [http-nio-8080-exec-6] o.springdoc.api.AbstractOpenApiResource  : Init duration for springdoc-openapi is: 292 ms
2024-04-27T08:48:42.446+03:00  INFO 13588 --- [football-restapi] [http-nio-8080-exec-9] b.artsem.footballrestapi.aop.LogAspect   : Started: List by.artsem.footballrestapi.services.PlayerService.findByNames(List)
2024-04-27T08:48:42.447+03:00  INFO 13588 --- [football-restapi] [http-nio-8080-exec-9] b.artsem.footballrestapi.aop.LogAspect   : Returned from List by.artsem.footballrestapi.services.PlayerService.findByNames(List), value []
2024-04-27T08:48:42.449+03:00  INFO 13588 --- [football-restapi] [http-nio-8080-exec-9] b.artsem.footballrestapi.aop.LogAspect   : Started: void by.artsem.footballrestapi.services.ClubService.saveClub(Club)
2024-04-27T08:48:42.585+03:00  INFO 13588 --- [football-restapi] [http-nio-8080-exec-9] b.artsem.footballrestapi.aop.LogAspect   : Returned void from void by.artsem.footballrestapi.services.ClubService.saveClub(Club)
2024-04-27T08:49:28.864+03:00  INFO 13588 --- [football-restapi] [http-nio-8080-exec-1] b.artsem.footballrestapi.aop.LogAspect   : Started: void by.artsem.footballrestapi.services.ClubService.removeClub(Long)
2024-04-27T08:49:28.911+03:00  INFO 13588 --- [football-restapi] [http-nio-8080-exec-1] b.artsem.footballrestapi.aop.LogAspect   : Returned void from void by.artsem.footballrestapi.services.ClubService.removeClub(Long)
2024-04-27T08:49:31.565+03:00  INFO 13588 --- [football-restapi] [http-nio-8080-exec-4] b.artsem.footballrestapi.aop.LogAspect   : Started: void by.artsem.footballrestapi.services.ClubService.removeClub(Long)
2024-04-27T08:49:31.568+03:00 ERROR 13588 --- [football-restapi] [http-nio-8080-exec-4] b.artsem.footballrestapi.aop.LogAspect   : Exception thrown in void by.artsem.footballrestapi.services.ClubService.removeClub(Long). Exception: by.artsem.footballrestapi.exceptions.DataNotFoundedException: Club with id 10 not founded 
2024-04-27T08:50:15.594+03:00  INFO 13588 --- [football-restapi] [http-nio-8080-exec-3] b.artsem.footballrestapi.aop.LogAspect   : Started: Club by.artsem.footballrestapi.services.ClubService.findByName(String)
2024-04-27T08:50:15.602+03:00  INFO 13588 --- [football-restapi] [http-nio-8080-exec-3] b.artsem.footballrestapi.aop.LogAspect   : Returned from Club by.artsem.footballrestapi.services.ClubService.findByName(String), value Club(id=1, name=Real Madrid)
2024-04-27T08:50:15.603+03:00  INFO 13588 --- [football-restapi] [http-nio-8080-exec-3] b.artsem.footballrestapi.aop.LogAspect   : Started: List by.artsem.footballrestapi.services.BrandService.findByNames(List)
2024-04-27T08:50:15.610+03:00  INFO 13588 --- [football-restapi] [http-nio-8080-exec-3] b.artsem.footballrestapi.aop.LogAspect   : Returned from List by.artsem.footballrestapi.services.BrandService.findByNames(List), value [null]
2024-04-27T08:50:15.611+03:00  INFO 13588 --- [football-restapi] [http-nio-8080-exec-3] b.artsem.footballrestapi.aop.LogAspect   : Started: void by.artsem.footballrestapi.services.PlayerService.savePlayer(Player)
2024-04-27T08:50:15.614+03:00 ERROR 13588 --- [football-restapi] [http-nio-8080-exec-3] b.artsem.footballrestapi.aop.LogAspect   : Exception thrown in void by.artsem.footballrestapi.services.PlayerService.savePlayer(Player). Exception: java.lang.NullPointerException: Cannot invoke "by.artsem.footballrestapi.models.Brand.addPlayer(by.artsem.footballrestapi.models.Player)" because "brand" is null 
2024-04-27T08:54:43.273+03:00  INFO 13588 --- [football-restapi] [SpringApplicationShutdownHook] j.LocalContainerEntityManagerFactoryBean : Closing JPA EntityManagerFactory for persistence unit 'default'
2024-04-27T08:54:43.275+03:00  INFO 13588 --- [football-restapi] [SpringApplicationShutdownHook] com.zaxxer.hikari.HikariDataSource       : HikariPool-1 - Shutdown initiated...
2024-04-27T08:54:43.281+03:00  INFO 13588 --- [football-restapi] [SpringApplicationShutdownHook] com.zaxxer.hikari.HikariDataSource       : HikariPool-1 - Shutdown completed.
2024-04-27T08:54:47.458+03:00  INFO 10012 --- [football-restapi] [main] b.a.f.FootballRestapiApplication         : Starting FootballRestapiApplication using Java 17.0.10 with PID 10012 (D:\JavaNew\football-restapi\target\classes started by user in D:\JavaNew\football-restapi)
2024-04-27T08:54:47.460+03:00  INFO 10012 --- [football-restapi] [main] b.a.f.FootballRestapiApplication         : No active profile set, falling back to 1 default profile: "default"
2024-04-27T08:54:47.957+03:00  INFO 10012 --- [football-restapi] [main] .s.d.r.c.RepositoryConfigurationDelegate : Bootstrapping Spring Data JPA repositories in DEFAULT mode.
2024-04-27T08:54:48.006+03:00  INFO 10012 --- [football-restapi] [main] .s.d.r.c.RepositoryConfigurationDelegate : Finished Spring Data repository scanning in 45 ms. Found 4 JPA repository interfaces.
2024-04-27T08:54:48.442+03:00  INFO 10012 --- [football-restapi] [main] o.s.b.w.embedded.tomcat.TomcatWebServer  : Tomcat initialized with port 8080 (http)
2024-04-27T08:54:48.450+03:00  INFO 10012 --- [football-restapi] [main] o.apache.catalina.core.StandardService   : Starting service [Tomcat]
2024-04-27T08:54:48.450+03:00  INFO 10012 --- [football-restapi] [main] o.apache.catalina.core.StandardEngine    : Starting Servlet engine: [Apache Tomcat/10.1.20]
2024-04-27T08:54:48.497+03:00  INFO 10012 --- [football-restapi] [main] o.a.c.c.C.[Tomcat].[localhost].[/]       : Initializing Spring embedded WebApplicationContext
2024-04-27T08:54:48.497+03:00  INFO 10012 --- [football-restapi] [main] w.s.c.ServletWebServerApplicationContext : Root WebApplicationContext: initialization completed in 1001 ms
2024-04-27T08:54:48.595+03:00  INFO 10012 --- [football-restapi] [main] com.zaxxer.hikari.HikariDataSource       : HikariPool-1 - Starting...
2024-04-27T08:54:48.726+03:00  INFO 10012 --- [football-restapi] [main] com.zaxxer.hikari.pool.HikariPool        : HikariPool-1 - Added connection org.postgresql.jdbc.PgConnection@5a592c70
2024-04-27T08:54:48.727+03:00  INFO 10012 --- [football-restapi] [main] com.zaxxer.hikari.HikariDataSource       : HikariPool-1 - Start completed.
2024-04-27T08:54:48.754+03:00  INFO 10012 --- [football-restapi] [main] o.hibernate.jpa.internal.util.LogHelper  : HHH000204: Processing PersistenceUnitInfo [name: default]
2024-04-27T08:54:48.788+03:00  INFO 10012 --- [football-restapi] [main] org.hibernate.Version                    : HHH000412: Hibernate ORM core version 6.4.4.Final
2024-04-27T08:54:48.810+03:00  INFO 10012 --- [football-restapi] [main] o.h.c.internal.RegionFactoryInitiator    : HHH000026: Second-level cache disabled
2024-04-27T08:54:48.960+03:00  INFO 10012 --- [football-restapi] [main] o.s.o.j.p.SpringPersistenceUnitInfo      : No LoadTimeWeaver setup: ignoring JPA class transformer
2024-04-27T08:54:48.997+03:00  WARN 10012 --- [football-restapi] [main] org.hibernate.orm.deprecation            : HHH90000025: PostgreSQLDialect does not need to be specified explicitly using 'hibernate.dialect' (remove the property setting and it will be selected by default)
2024-04-27T08:54:49.630+03:00  INFO 10012 --- [football-restapi] [main] o.h.e.t.j.p.i.JtaPlatformInitiator       : HHH000489: No JTA platform available (set 'hibernate.transaction.jta.platform' to enable JTA platform integration)
2024-04-27T08:54:49.633+03:00  INFO 10012 --- [football-restapi] [main] j.LocalContainerEntityManagerFactoryBean : Initialized JPA EntityManagerFactory for persistence unit 'default'
2024-04-27T08:54:49.964+03:00  INFO 10012 --- [football-restapi] [main] o.s.d.j.r.query.QueryEnhancerFactory     : Hibernate is in classpath; If applicable, HQL parser will be used.
2024-04-27T08:54:50.720+03:00  INFO 10012 --- [football-restapi] [main] o.s.b.w.embedded.tomcat.TomcatWebServer  : Tomcat started on port 8080 (http) with context path ''
2024-04-27T08:54:50.728+03:00  INFO 10012 --- [football-restapi] [main] b.a.f.FootballRestapiApplication         : Started FootballRestapiApplication in 3.565 seconds (process running for 3.973)
2024-04-27T08:54:53.463+03:00  INFO 10012 --- [football-restapi] [http-nio-8080-exec-1] o.a.c.c.C.[Tomcat].[localhost].[/]       : Initializing Spring DispatcherServlet 'dispatcherServlet'
2024-04-27T08:54:53.463+03:00  INFO 10012 --- [football-restapi] [http-nio-8080-exec-1] o.s.web.servlet.DispatcherServlet        : Initializing Servlet 'dispatcherServlet'
2024-04-27T08:54:53.464+03:00  INFO 10012 --- [football-restapi] [http-nio-8080-exec-1] o.s.web.servlet.DispatcherServlet        : Completed initialization in 1 ms
2024-04-27T08:54:53.564+03:00  INFO 10012 --- [football-restapi] [http-nio-8080-exec-1] b.artsem.footballrestapi.aop.LogAspect   : Started: Club by.artsem.footballrestapi.services.ClubService.findByName(String)
2024-04-27T08:54:53.643+03:00  INFO 10012 --- [football-restapi] [http-nio-8080-exec-1] b.artsem.footballrestapi.aop.LogAspect   : Returned from Club by.artsem.footballrestapi.services.ClubService.findByName(String), value Club(id=1, name=Real Madrid)
2024-04-27T08:54:53.646+03:00  INFO 10012 --- [football-restapi] [http-nio-8080-exec-1] b.artsem.footballrestapi.aop.LogAspect   : Started: List by.artsem.footballrestapi.services.BrandService.findByNames(List)
2024-04-27T08:54:53.649+03:00  INFO 10012 --- [football-restapi] [http-nio-8080-exec-1] b.artsem.footballrestapi.aop.LogAspect   : Returned from List by.artsem.footballrestapi.services.BrandService.findByNames(List), value [null]
2024-04-27T08:54:53.650+03:00  INFO 10012 --- [football-restapi] [http-nio-8080-exec-1] b.artsem.footballrestapi.aop.LogAspect   : Started: void by.artsem.footballrestapi.services.PlayerService.savePlayer(Player)
2024-04-27T08:54:53.662+03:00 ERROR 10012 --- [football-restapi] [http-nio-8080-exec-1] b.artsem.footballrestapi.aop.LogAspect   : Exception thrown in void by.artsem.footballrestapi.services.PlayerService.savePlayer(Player). Exception: java.lang.NullPointerException: Cannot invoke "by.artsem.footballrestapi.models.Brand.addPlayer(by.artsem.footballrestapi.models.Player)" because "brand" is null 
2024-04-27T08:54:58.664+03:00  INFO 10012 --- [football-restapi] [http-nio-8080-exec-2] b.artsem.footballrestapi.aop.LogAspect   : Started: Club by.artsem.footballrestapi.services.ClubService.findByName(String)
2024-04-27T08:54:58.667+03:00  INFO 10012 --- [football-restapi] [http-nio-8080-exec-2] b.artsem.footballrestapi.aop.LogAspect   : Returned from Club by.artsem.footballrestapi.services.ClubService.findByName(String), value Club(id=1, name=Real Madrid)
2024-04-27T08:54:58.668+03:00  INFO 10012 --- [football-restapi] [http-nio-8080-exec-2] b.artsem.footballrestapi.aop.LogAspect   : Started: List by.artsem.footballrestapi.services.BrandService.findByNames(List)
2024-04-27T08:54:58.670+03:00  INFO 10012 --- [football-restapi] [http-nio-8080-exec-2] b.artsem.footballrestapi.aop.LogAspect   : Returned from List by.artsem.footballrestapi.services.BrandService.findByNames(List), value [null]
2024-04-27T08:54:58.671+03:00  INFO 10012 --- [football-restapi] [http-nio-8080-exec-2] b.artsem.footballrestapi.aop.LogAspect   : Started: void by.artsem.footballrestapi.services.PlayerService.savePlayer(Player)
2024-04-27T08:54:58.674+03:00 ERROR 10012 --- [football-restapi] [http-nio-8080-exec-2] b.artsem.footballrestapi.aop.LogAspect   : Exception thrown in void by.artsem.footballrestapi.services.PlayerService.savePlayer(Player). Exception: java.lang.NullPointerException: Cannot invoke "by.artsem.footballrestapi.models.Brand.addPlayer(by.artsem.footballrestapi.models.Player)" because "brand" is null 
2024-04-27T08:56:08.798+03:00  INFO 10012 --- [football-restapi] [SpringApplicationShutdownHook] j.LocalContainerEntityManagerFactoryBean : Closing JPA EntityManagerFactory for persistence unit 'default'
2024-04-27T08:56:08.801+03:00  INFO 10012 --- [football-restapi] [SpringApplicationShutdownHook] com.zaxxer.hikari.HikariDataSource       : HikariPool-1 - Shutdown initiated...
2024-04-27T08:56:08.805+03:00  INFO 10012 --- [football-restapi] [SpringApplicationShutdownHook] com.zaxxer.hikari.HikariDataSource       : HikariPool-1 - Shutdown completed.
2024-04-27T08:56:21.171+03:00  INFO 16640 --- [football-restapi] [main] b.a.f.FootballRestapiApplication         : Starting FootballRestapiApplication using Java 17.0.10 with PID 16640 (D:\JavaNew\football-restapi\target\classes started by user in D:\JavaNew\football-restapi)
2024-04-27T08:56:21.173+03:00  INFO 16640 --- [football-restapi] [main] b.a.f.FootballRestapiApplication         : No active profile set, falling back to 1 default profile: "default"
2024-04-27T08:56:21.771+03:00  INFO 16640 --- [football-restapi] [main] .s.d.r.c.RepositoryConfigurationDelegate : Bootstrapping Spring Data JPA repositories in DEFAULT mode.
2024-04-27T08:56:21.825+03:00  INFO 16640 --- [football-restapi] [main] .s.d.r.c.RepositoryConfigurationDelegate : Finished Spring Data repository scanning in 47 ms. Found 4 JPA repository interfaces.
2024-04-27T08:56:22.306+03:00  INFO 16640 --- [football-restapi] [main] o.s.b.w.embedded.tomcat.TomcatWebServer  : Tomcat initialized with port 8080 (http)
2024-04-27T08:56:22.315+03:00  INFO 16640 --- [football-restapi] [main] o.apache.catalina.core.StandardService   : Starting service [Tomcat]
2024-04-27T08:56:22.315+03:00  INFO 16640 --- [football-restapi] [main] o.apache.catalina.core.StandardEngine    : Starting Servlet engine: [Apache Tomcat/10.1.20]
2024-04-27T08:56:22.366+03:00  INFO 16640 --- [football-restapi] [main] o.a.c.c.C.[Tomcat].[localhost].[/]       : Initializing Spring embedded WebApplicationContext
2024-04-27T08:56:22.366+03:00  INFO 16640 --- [football-restapi] [main] w.s.c.ServletWebServerApplicationContext : Root WebApplicationContext: initialization completed in 1152 ms
2024-04-27T08:56:22.478+03:00  INFO 16640 --- [football-restapi] [main] com.zaxxer.hikari.HikariDataSource       : HikariPool-1 - Starting...
2024-04-27T08:56:22.721+03:00  INFO 16640 --- [football-restapi] [main] com.zaxxer.hikari.pool.HikariPool        : HikariPool-1 - Added connection org.postgresql.jdbc.PgConnection@138f0661
2024-04-27T08:56:22.722+03:00  INFO 16640 --- [football-restapi] [main] com.zaxxer.hikari.HikariDataSource       : HikariPool-1 - Start completed.
2024-04-27T08:56:22.752+03:00  INFO 16640 --- [football-restapi] [main] o.hibernate.jpa.internal.util.LogHelper  : HHH000204: Processing PersistenceUnitInfo [name: default]
2024-04-27T08:56:22.795+03:00  INFO 16640 --- [football-restapi] [main] org.hibernate.Version                    : HHH000412: Hibernate ORM core version 6.4.4.Final
2024-04-27T08:56:22.823+03:00  INFO 16640 --- [football-restapi] [main] o.h.c.internal.RegionFactoryInitiator    : HHH000026: Second-level cache disabled
2024-04-27T08:56:23.030+03:00  INFO 16640 --- [football-restapi] [main] o.s.o.j.p.SpringPersistenceUnitInfo      : No LoadTimeWeaver setup: ignoring JPA class transformer
2024-04-27T08:56:23.070+03:00  WARN 16640 --- [football-restapi] [main] org.hibernate.orm.deprecation            : HHH90000025: PostgreSQLDialect does not need to be specified explicitly using 'hibernate.dialect' (remove the property setting and it will be selected by default)
2024-04-27T08:56:23.821+03:00  INFO 16640 --- [football-restapi] [main] o.h.e.t.j.p.i.JtaPlatformInitiator       : HHH000489: No JTA platform available (set 'hibernate.transaction.jta.platform' to enable JTA platform integration)
2024-04-27T08:56:23.824+03:00  INFO 16640 --- [football-restapi] [main] j.LocalContainerEntityManagerFactoryBean : Initialized JPA EntityManagerFactory for persistence unit 'default'
2024-04-27T08:56:24.241+03:00  INFO 16640 --- [football-restapi] [main] o.s.d.j.r.query.QueryEnhancerFactory     : Hibernate is in classpath; If applicable, HQL parser will be used.
2024-04-27T08:56:25.100+03:00  INFO 16640 --- [football-restapi] [main] o.s.b.w.embedded.tomcat.TomcatWebServer  : Tomcat started on port 8080 (http) with context path ''
2024-04-27T08:56:25.107+03:00  INFO 16640 --- [football-restapi] [main] b.a.f.FootballRestapiApplication         : Started FootballRestapiApplication in 4.257 seconds (process running for 5.216)
2024-04-27T08:56:26.457+03:00  INFO 16640 --- [football-restapi] [http-nio-8080-exec-1] o.a.c.c.C.[Tomcat].[localhost].[/]       : Initializing Spring DispatcherServlet 'dispatcherServlet'
2024-04-27T08:56:26.457+03:00  INFO 16640 --- [football-restapi] [http-nio-8080-exec-1] o.s.web.servlet.DispatcherServlet        : Initializing Servlet 'dispatcherServlet'
2024-04-27T08:56:26.458+03:00  INFO 16640 --- [football-restapi] [http-nio-8080-exec-1] o.s.web.servlet.DispatcherServlet        : Completed initialization in 1 ms
2024-04-27T08:56:26.564+03:00  INFO 16640 --- [football-restapi] [http-nio-8080-exec-1] b.artsem.footballrestapi.aop.LogAspect   : Started: Club by.artsem.footballrestapi.services.ClubService.findByName(String)
2024-04-27T08:56:26.645+03:00  INFO 16640 --- [football-restapi] [http-nio-8080-exec-1] b.artsem.footballrestapi.aop.LogAspect   : Returned from Club by.artsem.footballrestapi.services.ClubService.findByName(String), value Club(id=1, name=Real Madrid)
2024-04-27T08:56:26.647+03:00  INFO 16640 --- [football-restapi] [http-nio-8080-exec-1] b.artsem.footballrestapi.aop.LogAspect   : Started: List by.artsem.footballrestapi.services.BrandService.findByNames(List)
2024-04-27T08:56:26.652+03:00  INFO 16640 --- [football-restapi] [http-nio-8080-exec-1] b.artsem.footballrestapi.aop.LogAspect   : Returned from List by.artsem.footballrestapi.services.BrandService.findByNames(List), value [null]
2024-04-27T08:56:26.652+03:00  INFO 16640 --- [football-restapi] [http-nio-8080-exec-1] b.artsem.footballrestapi.aop.LogAspect   : Started: void by.artsem.footballrestapi.services.PlayerService.savePlayer(Player)
2024-04-27T08:57:57.187+03:00  WARN 16640 --- [football-restapi] [HikariPool-1 housekeeper] com.zaxxer.hikari.pool.HikariPool        : HikariPool-1 - Thread starvation or clock leap detected (housekeeper delta=1m34s358ms985µs600ns).
2024-04-27T08:57:57.190+03:00 ERROR 16640 --- [football-restapi] [http-nio-8080-exec-1] b.artsem.footballrestapi.aop.LogAspect   : Exception thrown in void by.artsem.footballrestapi.services.PlayerService.savePlayer(Player). Exception: java.lang.NullPointerException: Cannot invoke "by.artsem.footballrestapi.models.Brand.addPlayer(by.artsem.footballrestapi.models.Player)" because "brand" is null 
2024-04-27T08:57:57.227+03:00  INFO 16640 --- [football-restapi] [SpringApplicationShutdownHook] j.LocalContainerEntityManagerFactoryBean : Closing JPA EntityManagerFactory for persistence unit 'default'
2024-04-27T08:57:57.244+03:00  INFO 16640 --- [football-restapi] [SpringApplicationShutdownHook] com.zaxxer.hikari.HikariDataSource       : HikariPool-1 - Shutdown initiated...
2024-04-27T08:57:57.246+03:00  INFO 16640 --- [football-restapi] [SpringApplicationShutdownHook] com.zaxxer.hikari.HikariDataSource       : HikariPool-1 - Shutdown completed.
2024-04-27T09:01:39.127+03:00  INFO 15596 --- [football-restapi] [main] b.a.f.FootballRestapiApplication         : Starting FootballRestapiApplication using Java 17.0.10 with PID 15596 (D:\JavaNew\football-restapi\target\classes started by user in D:\JavaNew\football-restapi)
2024-04-27T09:01:39.129+03:00  INFO 15596 --- [football-restapi] [main] b.a.f.FootballRestapiApplication         : No active profile set, falling back to 1 default profile: "default"
2024-04-27T09:01:39.667+03:00  INFO 15596 --- [football-restapi] [main] .s.d.r.c.RepositoryConfigurationDelegate : Bootstrapping Spring Data JPA repositories in DEFAULT mode.
2024-04-27T09:01:39.717+03:00  INFO 15596 --- [football-restapi] [main] .s.d.r.c.RepositoryConfigurationDelegate : Finished Spring Data repository scanning in 44 ms. Found 4 JPA repository interfaces.
2024-04-27T09:01:40.209+03:00  INFO 15596 --- [football-restapi] [main] o.s.b.w.embedded.tomcat.TomcatWebServer  : Tomcat initialized with port 8080 (http)
2024-04-27T09:01:40.218+03:00  INFO 15596 --- [football-restapi] [main] o.apache.catalina.core.StandardService   : Starting service [Tomcat]
2024-04-27T09:01:40.218+03:00  INFO 15596 --- [football-restapi] [main] o.apache.catalina.core.StandardEngine    : Starting Servlet engine: [Apache Tomcat/10.1.20]
2024-04-27T09:01:40.265+03:00  INFO 15596 --- [football-restapi] [main] o.a.c.c.C.[Tomcat].[localhost].[/]       : Initializing Spring embedded WebApplicationContext
2024-04-27T09:01:40.265+03:00  INFO 15596 --- [football-restapi] [main] w.s.c.ServletWebServerApplicationContext : Root WebApplicationContext: initialization completed in 1097 ms
2024-04-27T09:01:40.368+03:00  INFO 15596 --- [football-restapi] [main] com.zaxxer.hikari.HikariDataSource       : HikariPool-1 - Starting...
2024-04-27T09:01:40.502+03:00  INFO 15596 --- [football-restapi] [main] com.zaxxer.hikari.pool.HikariPool        : HikariPool-1 - Added connection org.postgresql.jdbc.PgConnection@30abf79c
2024-04-27T09:01:40.505+03:00  INFO 15596 --- [football-restapi] [main] com.zaxxer.hikari.HikariDataSource       : HikariPool-1 - Start completed.
2024-04-27T09:01:40.533+03:00  INFO 15596 --- [football-restapi] [main] o.hibernate.jpa.internal.util.LogHelper  : HHH000204: Processing PersistenceUnitInfo [name: default]
2024-04-27T09:01:40.572+03:00  INFO 15596 --- [football-restapi] [main] org.hibernate.Version                    : HHH000412: Hibernate ORM core version 6.4.4.Final
2024-04-27T09:01:40.593+03:00  INFO 15596 --- [football-restapi] [main] o.h.c.internal.RegionFactoryInitiator    : HHH000026: Second-level cache disabled
2024-04-27T09:01:40.738+03:00  INFO 15596 --- [football-restapi] [main] o.s.o.j.p.SpringPersistenceUnitInfo      : No LoadTimeWeaver setup: ignoring JPA class transformer
2024-04-27T09:01:40.778+03:00  WARN 15596 --- [football-restapi] [main] org.hibernate.orm.deprecation            : HHH90000025: PostgreSQLDialect does not need to be specified explicitly using 'hibernate.dialect' (remove the property setting and it will be selected by default)
2024-04-27T09:01:41.426+03:00  INFO 15596 --- [football-restapi] [main] o.h.e.t.j.p.i.JtaPlatformInitiator       : HHH000489: No JTA platform available (set 'hibernate.transaction.jta.platform' to enable JTA platform integration)
2024-04-27T09:01:41.428+03:00  INFO 15596 --- [football-restapi] [main] j.LocalContainerEntityManagerFactoryBean : Initialized JPA EntityManagerFactory for persistence unit 'default'
2024-04-27T09:01:41.759+03:00  INFO 15596 --- [football-restapi] [main] o.s.d.j.r.query.QueryEnhancerFactory     : Hibernate is in classpath; If applicable, HQL parser will be used.
2024-04-27T09:01:42.507+03:00  INFO 15596 --- [football-restapi] [main] o.s.b.w.embedded.tomcat.TomcatWebServer  : Tomcat started on port 8080 (http) with context path ''
2024-04-27T09:01:42.515+03:00  INFO 15596 --- [football-restapi] [main] b.a.f.FootballRestapiApplication         : Started FootballRestapiApplication in 3.67 seconds (process running for 4.137)
2024-04-27T09:01:45.314+03:00  INFO 15596 --- [football-restapi] [http-nio-8080-exec-1] o.a.c.c.C.[Tomcat].[localhost].[/]       : Initializing Spring DispatcherServlet 'dispatcherServlet'
2024-04-27T09:01:45.315+03:00  INFO 15596 --- [football-restapi] [http-nio-8080-exec-1] o.s.web.servlet.DispatcherServlet        : Initializing Servlet 'dispatcherServlet'
2024-04-27T09:01:45.315+03:00  INFO 15596 --- [football-restapi] [http-nio-8080-exec-1] o.s.web.servlet.DispatcherServlet        : Completed initialization in 0 ms
2024-04-27T09:01:45.408+03:00  INFO 15596 --- [football-restapi] [http-nio-8080-exec-1] b.artsem.footballrestapi.aop.LogAspect   : Started: Club by.artsem.footballrestapi.services.ClubService.findByName(String)
2024-04-27T09:01:45.482+03:00  INFO 15596 --- [football-restapi] [http-nio-8080-exec-1] b.artsem.footballrestapi.aop.LogAspect   : Returned from Club by.artsem.footballrestapi.services.ClubService.findByName(String), value Club(id=1, name=Real Madrid)
2024-04-27T09:01:45.484+03:00  INFO 15596 --- [football-restapi] [http-nio-8080-exec-1] b.artsem.footballrestapi.aop.LogAspect   : Started: List by.artsem.footballrestapi.services.BrandService.findByNames(List)
2024-04-27T09:01:45.487+03:00  INFO 15596 --- [football-restapi] [http-nio-8080-exec-1] b.artsem.footballrestapi.aop.LogAspect   : Returned from List by.artsem.footballrestapi.services.BrandService.findByNames(List), value [null]
2024-04-27T09:01:45.488+03:00  INFO 15596 --- [football-restapi] [http-nio-8080-exec-1] b.artsem.footballrestapi.aop.LogAspect   : Started: void by.artsem.footballrestapi.services.PlayerService.savePlayer(Player)
2024-04-27T09:01:45.510+03:00  INFO 15596 --- [football-restapi] [http-nio-8080-exec-1] b.artsem.footballrestapi.aop.LogAspect   : Returned void from void by.artsem.footballrestapi.services.PlayerService.savePlayer(Player)
2024-04-27T09:01:54.493+03:00  INFO 15596 --- [football-restapi] [SpringApplicationShutdownHook] j.LocalContainerEntityManagerFactoryBean : Closing JPA EntityManagerFactory for persistence unit 'default'
2024-04-27T09:01:54.495+03:00  INFO 15596 --- [football-restapi] [SpringApplicationShutdownHook] com.zaxxer.hikari.HikariDataSource       : HikariPool-1 - Shutdown initiated...
2024-04-27T09:01:54.504+03:00  INFO 15596 --- [football-restapi] [SpringApplicationShutdownHook] com.zaxxer.hikari.HikariDataSource       : HikariPool-1 - Shutdown completed.
2024-04-27T09:03:50.362+03:00  INFO 11116 --- [football-restapi] [main] b.a.f.FootballRestapiApplication         : Starting FootballRestapiApplication using Java 17.0.10 with PID 11116 (D:\JavaNew\football-restapi\target\classes started by user in D:\JavaNew\football-restapi)
2024-04-27T09:03:50.364+03:00  INFO 11116 --- [football-restapi] [main] b.a.f.FootballRestapiApplication         : No active profile set, falling back to 1 default profile: "default"
2024-04-27T09:03:50.868+03:00  INFO 11116 --- [football-restapi] [main] .s.d.r.c.RepositoryConfigurationDelegate : Bootstrapping Spring Data JPA repositories in DEFAULT mode.
2024-04-27T09:03:50.920+03:00  INFO 11116 --- [football-restapi] [main] .s.d.r.c.RepositoryConfigurationDelegate : Finished Spring Data repository scanning in 40 ms. Found 4 JPA repository interfaces.
2024-04-27T09:03:51.351+03:00  INFO 11116 --- [football-restapi] [main] o.s.b.w.embedded.tomcat.TomcatWebServer  : Tomcat initialized with port 8080 (http)
2024-04-27T09:03:51.359+03:00  INFO 11116 --- [football-restapi] [main] o.apache.catalina.core.StandardService   : Starting service [Tomcat]
2024-04-27T09:03:51.360+03:00  INFO 11116 --- [football-restapi] [main] o.apache.catalina.core.StandardEngine    : Starting Servlet engine: [Apache Tomcat/10.1.20]
2024-04-27T09:03:51.404+03:00  INFO 11116 --- [football-restapi] [main] o.a.c.c.C.[Tomcat].[localhost].[/]       : Initializing Spring embedded WebApplicationContext
2024-04-27T09:03:51.405+03:00  INFO 11116 --- [football-restapi] [main] w.s.c.ServletWebServerApplicationContext : Root WebApplicationContext: initialization completed in 999 ms
2024-04-27T09:03:51.509+03:00  INFO 11116 --- [football-restapi] [main] com.zaxxer.hikari.HikariDataSource       : HikariPool-1 - Starting...
2024-04-27T09:03:51.639+03:00  INFO 11116 --- [football-restapi] [main] com.zaxxer.hikari.pool.HikariPool        : HikariPool-1 - Added connection org.postgresql.jdbc.PgConnection@2dbfa972
2024-04-27T09:03:51.640+03:00  INFO 11116 --- [football-restapi] [main] com.zaxxer.hikari.HikariDataSource       : HikariPool-1 - Start completed.
2024-04-27T09:03:51.667+03:00  INFO 11116 --- [football-restapi] [main] o.hibernate.jpa.internal.util.LogHelper  : HHH000204: Processing PersistenceUnitInfo [name: default]
2024-04-27T09:03:51.700+03:00  INFO 11116 --- [football-restapi] [main] org.hibernate.Version                    : HHH000412: Hibernate ORM core version 6.4.4.Final
2024-04-27T09:03:51.721+03:00  INFO 11116 --- [football-restapi] [main] o.h.c.internal.RegionFactoryInitiator    : HHH000026: Second-level cache disabled
2024-04-27T09:03:51.862+03:00  INFO 11116 --- [football-restapi] [main] o.s.o.j.p.SpringPersistenceUnitInfo      : No LoadTimeWeaver setup: ignoring JPA class transformer
2024-04-27T09:03:51.899+03:00  WARN 11116 --- [football-restapi] [main] org.hibernate.orm.deprecation            : HHH90000025: PostgreSQLDialect does not need to be specified explicitly using 'hibernate.dialect' (remove the property setting and it will be selected by default)
2024-04-27T09:03:52.609+03:00  INFO 11116 --- [football-restapi] [main] o.h.e.t.j.p.i.JtaPlatformInitiator       : HHH000489: No JTA platform available (set 'hibernate.transaction.jta.platform' to enable JTA platform integration)
2024-04-27T09:03:52.611+03:00  INFO 11116 --- [football-restapi] [main] j.LocalContainerEntityManagerFactoryBean : Initialized JPA EntityManagerFactory for persistence unit 'default'
2024-04-27T09:03:52.945+03:00  INFO 11116 --- [football-restapi] [main] o.s.d.j.r.query.QueryEnhancerFactory     : Hibernate is in classpath; If applicable, HQL parser will be used.
2024-04-27T09:03:53.691+03:00  INFO 11116 --- [football-restapi] [main] o.s.b.w.embedded.tomcat.TomcatWebServer  : Tomcat started on port 8080 (http) with context path ''
2024-04-27T09:03:53.697+03:00  INFO 11116 --- [football-restapi] [main] b.a.f.FootballRestapiApplication         : Started FootballRestapiApplication in 3.631 seconds (process running for 4.048)
2024-04-27T09:03:54.098+03:00  INFO 11116 --- [football-restapi] [http-nio-8080-exec-1] o.a.c.c.C.[Tomcat].[localhost].[/]       : Initializing Spring DispatcherServlet 'dispatcherServlet'
2024-04-27T09:03:54.098+03:00  INFO 11116 --- [football-restapi] [http-nio-8080-exec-1] o.s.web.servlet.DispatcherServlet        : Initializing Servlet 'dispatcherServlet'
2024-04-27T09:03:54.099+03:00  INFO 11116 --- [football-restapi] [http-nio-8080-exec-1] o.s.web.servlet.DispatcherServlet        : Completed initialization in 1 ms
2024-04-27T09:03:54.129+03:00  INFO 11116 --- [football-restapi] [http-nio-8080-exec-1] b.artsem.footballrestapi.aop.LogAspect   : Started: Brand by.artsem.footballrestapi.services.BrandService.findById(Long)
2024-04-27T09:03:54.161+03:00 ERROR 11116 --- [football-restapi] [http-nio-8080-exec-1] b.artsem.footballrestapi.aop.LogAspect   : Exception thrown in Brand by.artsem.footballrestapi.services.BrandService.findById(Long). Exception: by.artsem.footballrestapi.exceptions.DataNotFoundedException: Brand with id 50 not founded 
2024-04-27T09:04:00.209+03:00  INFO 11116 --- [football-restapi] [http-nio-8080-exec-7] b.artsem.footballrestapi.aop.LogAspect   : Started: void by.artsem.footballrestapi.services.ClubService.saveClub(Club)
2024-04-27T09:04:00.266+03:00 ERROR 11116 --- [football-restapi] [http-nio-8080-exec-7] b.artsem.footballrestapi.aop.LogAspect   : Exception thrown in void by.artsem.footballrestapi.services.ClubService.saveClub(Club). Exception: by.artsem.footballrestapi.exceptions.DataNotCreatedException: Club with name Bate already exist 
2024-04-27T09:04:21.147+03:00  INFO 11116 --- [football-restapi] [http-nio-8080-exec-5] b.artsem.footballrestapi.aop.LogAspect   : Started: Club by.artsem.footballrestapi.services.ClubService.findByName(String)
2024-04-27T09:04:21.172+03:00  INFO 11116 --- [football-restapi] [http-nio-8080-exec-5] b.artsem.footballrestapi.aop.LogAspect   : Returned from Club by.artsem.footballrestapi.services.ClubService.findByName(String), value Club(id=1, name=Real Madrid)
2024-04-27T09:04:21.174+03:00  INFO 11116 --- [football-restapi] [http-nio-8080-exec-5] b.artsem.footballrestapi.aop.LogAspect   : Started: List by.artsem.footballrestapi.services.BrandService.findByNames(List)
2024-04-27T09:04:21.178+03:00  INFO 11116 --- [football-restapi] [http-nio-8080-exec-5] b.artsem.footballrestapi.aop.LogAspect   : Returned from List by.artsem.footballrestapi.services.BrandService.findByNames(List), value [null]
2024-04-27T09:04:21.179+03:00  INFO 11116 --- [football-restapi] [http-nio-8080-exec-5] b.artsem.footballrestapi.aop.LogAspect   : Started: void by.artsem.footballrestapi.services.PlayerService.savePlayer(Player)
2024-04-27T09:04:21.191+03:00 ERROR 11116 --- [football-restapi] [http-nio-8080-exec-5] b.artsem.footballrestapi.aop.LogAspect   : Exception thrown in void by.artsem.footballrestapi.services.PlayerService.savePlayer(Player). Exception: by.artsem.footballrestapi.exceptions.DataNotCreatedException: Player with name Rodrigo already exist 
2024-04-27T09:04:30.204+03:00  WARN 11116 --- [football-restapi] [http-nio-8080-exec-6] .w.s.m.s.DefaultHandlerExceptionResolver : Resolved [org.springframework.http.converter.HttpMessageNotReadableException: JSON parse error: Unexpected character ('a' (code 97)): was expecting comma to separate Object entries]
2024-04-27T09:04:58.074+03:00  INFO 11116 --- [football-restapi] [http-nio-8080-exec-4] b.artsem.footballrestapi.aop.LogAspect   : Started: Club by.artsem.footballrestapi.services.ClubService.findByName(String)
2024-04-27T09:04:58.077+03:00  INFO 11116 --- [football-restapi] [http-nio-8080-exec-4] b.artsem.footballrestapi.aop.LogAspect   : Returned from Club by.artsem.footballrestapi.services.ClubService.findByName(String), value Club(id=1, name=Real Madrid)
2024-04-27T09:04:58.078+03:00  INFO 11116 --- [football-restapi] [http-nio-8080-exec-4] b.artsem.footballrestapi.aop.LogAspect   : Started: List by.artsem.footballrestapi.services.BrandService.findByNames(List)
2024-04-27T09:04:58.083+03:00  INFO 11116 --- [football-restapi] [http-nio-8080-exec-4] b.artsem.footballrestapi.aop.LogAspect   : Returned from List by.artsem.footballrestapi.services.BrandService.findByNames(List), value [null, null]
2024-04-27T09:04:58.084+03:00  INFO 11116 --- [football-restapi] [http-nio-8080-exec-4] b.artsem.footballrestapi.aop.LogAspect   : Started: void by.artsem.footballrestapi.services.PlayerService.savePlayer(Player)
2024-04-27T09:04:58.098+03:00  INFO 11116 --- [football-restapi] [http-nio-8080-exec-4] b.artsem.footballrestapi.aop.LogAspect   : Returned void from void by.artsem.footballrestapi.services.PlayerService.savePlayer(Player)
2024-04-27T09:05:59.220+03:00  INFO 11116 --- [football-restapi] [http-nio-8080-exec-9] b.artsem.footballrestapi.aop.LogAspect   : Started: void by.artsem.footballrestapi.services.PlayerService.removePlayer(Long)
2024-04-27T09:05:59.252+03:00  INFO 11116 --- [football-restapi] [http-nio-8080-exec-9] b.artsem.footballrestapi.aop.LogAspect   : Returned void from void by.artsem.footballrestapi.services.PlayerService.removePlayer(Long)
2024-04-27T09:06:44.526+03:00  INFO 11116 --- [football-restapi] [http-nio-8080-exec-10] b.artsem.footballrestapi.aop.LogAspect   : Started: List by.artsem.footballrestapi.services.PlayerService.findByNames(List)
2024-04-27T09:06:44.527+03:00  INFO 11116 --- [football-restapi] [http-nio-8080-exec-10] b.artsem.footballrestapi.aop.LogAspect   : Returned from List by.artsem.footballrestapi.services.PlayerService.findByNames(List), value []
2024-04-27T09:06:44.528+03:00  INFO 11116 --- [football-restapi] [http-nio-8080-exec-10] b.artsem.footballrestapi.aop.LogAspect   : Started: void by.artsem.footballrestapi.services.BrandService.saveBrand(Brand)
2024-04-27T09:06:44.533+03:00  INFO 11116 --- [football-restapi] [http-nio-8080-exec-10] b.artsem.footballrestapi.aop.LogAspect   : Returned void from void by.artsem.footballrestapi.services.BrandService.saveBrand(Brand)
2024-04-27T09:07:10.682+03:00  INFO 11116 --- [football-restapi] [http-nio-8080-exec-3] b.artsem.footballrestapi.aop.LogAspect   : Started: List by.artsem.footballrestapi.services.PlayerService.findByNames(List)
2024-04-27T09:07:10.682+03:00  INFO 11116 --- [football-restapi] [http-nio-8080-exec-3] b.artsem.footballrestapi.aop.LogAspect   : Returned from List by.artsem.footballrestapi.services.PlayerService.findByNames(List), value []
2024-04-27T09:07:10.682+03:00  INFO 11116 --- [football-restapi] [http-nio-8080-exec-3] b.artsem.footballrestapi.aop.LogAspect   : Started: void by.artsem.footballrestapi.services.BrandService.saveBrand(Brand)
2024-04-27T09:07:10.685+03:00 ERROR 11116 --- [football-restapi] [http-nio-8080-exec-3] b.artsem.footballrestapi.aop.LogAspect   : Exception thrown in void by.artsem.footballrestapi.services.BrandService.saveBrand(Brand). Exception: by.artsem.footballrestapi.exceptions.DataNotCreatedException: Brand with name Zara already exist 
2024-04-27T09:07:49.869+03:00  INFO 11116 --- [football-restapi] [http-nio-8080-exec-1] b.artsem.footballrestapi.aop.LogAspect   : Started: List by.artsem.footballrestapi.services.PlayerService.findByNames(List)
2024-04-27T09:07:49.869+03:00  INFO 11116 --- [football-restapi] [http-nio-8080-exec-1] b.artsem.footballrestapi.aop.LogAspect   : Returned from List by.artsem.footballrestapi.services.PlayerService.findByNames(List), value []
2024-04-27T09:07:59.315+03:00  INFO 11116 --- [football-restapi] [http-nio-8080-exec-2] b.artsem.footballrestapi.aop.LogAspect   : Started: List by.artsem.footballrestapi.services.PlayerService.findByNames(List)
2024-04-27T09:07:59.316+03:00  INFO 11116 --- [football-restapi] [http-nio-8080-exec-2] b.artsem.footballrestapi.aop.LogAspect   : Returned from List by.artsem.footballrestapi.services.PlayerService.findByNames(List), value []
2024-04-27T09:10:11.499+03:00  INFO 11116 --- [football-restapi] [SpringApplicationShutdownHook] j.LocalContainerEntityManagerFactoryBean : Closing JPA EntityManagerFactory for persistence unit 'default'
2024-04-27T09:10:11.502+03:00  INFO 11116 --- [football-restapi] [SpringApplicationShutdownHook] com.zaxxer.hikari.HikariDataSource       : HikariPool-1 - Shutdown initiated...
2024-04-27T09:10:11.504+03:00  INFO 11116 --- [football-restapi] [SpringApplicationShutdownHook] com.zaxxer.hikari.HikariDataSource       : HikariPool-1 - Shutdown completed.
